42805
41569
40549
47645
46907
41702
47502
46482
50750
46950
49565
56603
61446
51878
52245
49834
52616
46652
47987
46407
49094
55807
47066
55876
50599
57346
58617
57440
60788
59610
60215
47711
51372
66300
49647
51931
49787
49458
49524
59665
62389
59790
44029
59066
49858
65679
56064
67422
65875
55929
66565
57469
49972
64625
46520
46567
57783
55025
50352
49092
50914
67374
51840
49555
61312
65675
64184
60398
52629
72369
69461
70682
54019
48496
53468
67355
67438
51426
58936
62609
53495
51651
60471
76267
58362
52834
54491
74421
60115
54882
59092
44770
47224
67541
64435
48406
72579
67218
57267
45075
56659
46301
52517
51797
54272
65737
58403
60959
54588
54975
67989
52615
70610
68854
68242
67097
55537
60990
80685
80321
51310
58767
49874
67325
51250
68868
59843
67149
64955
76647
63097
63251
53222
60541
73308
60194
51986
55067
67723
67975
65533
56186
44569
49394
73286
64461
76461
77103
54105
64471
53884
81258
64398
56532
56285
53670
64381
64276
62642
53865
49021
75380
53463
58378
68885
56898
76331
55875
63199
61243
56195
58697
47643
50364
78993
63883
58838
50244
51950
56525
62061
65701
54827
62761
67518
84372
83186
57694
74721
70064
66380
48740
87065
80301
64337
66018
70056
60342
55278
52687
55024
73078
76263
63169
52256
70562
57334
81908
55342
73067
56513
71563
64396
54407
53993
58751
61693
61236
71483
57482
43668
63003
65838
57176
65315
57187
68288
68417
67004
75278
57037
74552
54608
52283
66697
60525
61200
58639
48064
62434
62864
61244
59605
69127
54564
53017
76476
58751
49976
64899
59668
82138
55664
84855
66414
57737
57785
50523
61234
54753
65941
55946
60546
72447
77267
58013
72552
48597
63352
65177
61063
70557
72982
59382
88018
50344
67325
62826
60485
65928
67794
53489
76704
57542
66751
57056
54287
76184
68253
62304
66465
64880
59510
60710
72512
56314
58736
63174
64959
77008
70423
60758
64562
58495
62387
68790
53846
68694
88070
52589
62151
66954
77814
68016
59348
74707
78196
69591
66873
61825
67241
55472
56431
76714
63958
70422
63135
82912
57763
76334
59680
69274
71512
64205
56194
80648
68216
61743
55973
57368
73873
68628
74684
60462
52281
63887
72006
66686
58711
77171
72193
58997
57085
81175
73442
62526
66639
68451
69100
58922
67416
67226
64048
62346
55780
65219
51920
58774
44771
72421
73227
59871
77145
59855
47252
62781
62119
65692
66410
62191
76554
64061
69503
72131
58831
70958
77626
53868
78373
75652
57947
68584
71653
76556
57880
58350
63341
57362
62870
58148
74115
47963
71715
59828
61711
60167
75254
67277
58859
65868
52953
56842
57062
62193
68960
80874
64008
68010
54176
52086
76908
79374
72279
69549
63197
57337
60983
82674
55171
62917
78552
86124
75187
65772
43995
76966
73834
60095
60304
79322
50618
50032
66833
86570
65764
60862
65296
71240
53876
58637
80515
70618
56335
62684
76570
69995
65251
72646
53551
65724
50208
56473
81874
71189
82183
78999
59300
72549
81286
71808
84755
71727
62590
85946
61375
76074
67470
65209
86180
69841
58675
64706
68022
53369
60055
72612
66909
67304
56122
57804
50736
55666
71170
68173
79252
67518
69519
72754
65703
76146
79489
82166
67468
64414
68405
79031
65876
72663
66627
69981
64594
53976
55982
82239
66463
68891
70030
75691
70114
64241
74922
67044
65276
68270
59527
78597
66393
68432
77620
58096
65149
72054
92048
77952
62776
53892
58929
64904
92758
70672
77295
77450
55058
58835
71189
69189
78906
67671
61707
65173
72173
66366
59955
72778
71170
66915
73167
65526
75592
79686
60274
65128
81173
83390
83511
70132
76946
79734
79207
75990
60790
74239
62135
62861
54757
60108
82459
65348
60186
55766
75968
81289
60574
78727
76132
66851
74158
84997
55579
64541
89794
59451
65365
77126
75412
77475
73215
61436
81317
52509
70141
54721
51303
86044
81799
75546
81498
61389
54115
76706
57642
76471
64246
48845
69189
81434
59201
92869
83496
79248
80716
78996
72694
72112
72791
62690
58374
79546
82417
72699
53023
77542
71984
54344
70969
61881
64565
73855
65231
56777
74368
81879
70327
53241
81264
80597
77403
74909
73732
74203
62285
65452
79982
78514
65502
69197
54893
76918
68023
83277
58063
71319
71213
56952
96174
86694
70176
57248
64339
54960
80226
59974
69009
63790
63273
57870
74481
77181
67759
88673
54505
82479
70622
70186
67872
79019
87643
68839
59216
60860
52699
56174
74297
72768
60543
63433
84649
58808
67788
68829
76998
71617
85490
81916
60660
63982
56417
86109
63994
59811
50458
59549
61422
68192
54257
74103
58975
59394
52478
59512
76674
66061
68736
67585
78163
73564
48092
83355
99684
84519
79624
81742
61739
83672
83307
82507
65326
63165
60216
65134
64126
51140
62593
74565
70021
66263
65188
82315
51576
62985
73324
64502
70382
60259
67733
77168
50796
56089
64657
59325
91565
57341
86119
57085
68933
65035
69466
72459
60569
64075
82094
81703
67481
77544
56051
72242
81802
62145
59409
75868
52189
72317
73610
67860
67659
60179
89168
86226
85123
72377
79872
83441
72630
65481
84236
62525
79929
76787
62278
55953
69618
69024
76070
79060
48321
79041
82090
83340
83280
86184
42217
64815
71794
62905
53808
96643
69682
60534
51185
62558
85988
72201
67806
66594
70356
65073
73593
55381
69735
70704
89377
69212
87303
95489
68186
63208
70098
68863
71685
67504
79964
54926
66640
82566
75123
80638
68645
82597
70220
44464
68345
85996
71802
83230
66299
79113
62096
75954
66365
86575
54407
81825
64611
91278
64613
47809
55133
74014
66690
54122
87076
84597
53619
83826
79788
64215
84446
54540
85545
75035
56164
63396
71783
68049
59222
54068
92717
71472
62849
57772
65273
56066
65798
61176
63209
72269
80353
74614
73754
81639
70424
83972
70681
74577
61589
73500
61303
54631
54507
77196
63610
63938
61937
72639
67389
68091
86436
83143
58247
84116
70595
72802
58184
67863
83523
55560
68434
62826
74387
84169
83159
56803
100941
66895
85746
75989
54517
61896
94096
81505
87939
54998
68217
63458
66097
59234
86281
78055
76333
60353
62785
86077
68428
71017
86373
69152
65155
79420
74118
54220
68326
90226
78500
44694
70750
64075
64654
69203
76744
75337
61437
81786
75799
61859
59680
60836
82389
65198
66797
70301
79223
88505
67136
69883
82237
67524
81662
73819
77529
80158
74588
96923
101119
69974
61791
66554
91959
63869
80155
64186
63906
65044
77737
59423
55153
81596
93935
67902
69199
59692
64670
74740
89193
59092
84766
82869
66454
84719
67257
78370
89239
85505
73751
91478
62026
49257
80621
74781
61865
94598
67562
98698
82377
62886
78614
83198
76641
75914
88308
61434
64367
89915
54107
52439
63140
72165
71529
72996
87148
57780
75448
91768
68338
87716
80881
80787
70902
81738
94522
86148
49721
76041
67032
70770
82219
62684
83870
77746
55791
93286
82240
67455
65398
60902
67585
66962
70687
77323
86848
53820
84158
54250
85673
52923
52325
60186
70886
81423
71598
82015
74602
58690
79578
95712
82778
65814
78847
54872
64822
62785
54359
88957
59482
71483
60916
67071
81143
71755
60197
70785
82344
70621
67536
66250
88456
80750
69018
60448
95003
71239
93904
49489
68180
69686
90535
79558
81150
58517
54624
92708
67153
56541
80009
72883
98842
65062
76049
62527
67854
72775
57649
76003
60991
64176
55603
54952
77400
85072
60083
80049
60926
68013
68957
76675
75674
64027
62918
81041
65222
84278
81830
77311
53498
72509
77902
70649
82528
89280
60494
80049
67609
59530
66231
95487
86095
83090
95237
65841
84413
74419
58947
53078
74621
83801
80104
71837
66527
88937
70395
89174
67992
95803
58732
65719
70927
63102
65020
50713
85387
56045
76633
65148
59194
58239
80391
79975
76727
59978
66257
72814
69138
73406
85151
66980
67436
57476
94638
81642
93635
66699
74394
75729
61834
60930
80002
69047
51811
54843
64256
75184
64935
68579
95154
87607
83419
64745
71474
79401
75409
56840
60051
89031
89828
97826
70806
85194
82480
77327
84142
62485
72467
63561
93384
87657
72003
71917
67452
70367
63399
74217
76630
92543
86986
65677
78890
71930
83909
76478
67012
76996
59592
77185
76806
61882
70831
84724
65402
73227
73120
93045
70433
88418
49064
59649
62892
83470
66474
78893
72648
74799
59164
68310
75630
84790
97059
58476
63594
69799
60061
84862
81340
51897
82126
55901
91743
75397
77976
66951
81393
43930
66959
76116
71027
76385
77543
80464
78428
76742
89074
65090
85624
60896
61622
64417
73596
65543
64472
71767
76106
80698
71906
63306
77677
86470
73564
76783
60965
67602
63581
61220
72992
82908
88171
67744
94174
89416
59893
85850
75359
79748
68595
69154
72318
84914
68797
76934
65285
59438
64630
66653
60962
82168
87058
76879
68962
66357
68794
60364
64825
72627
71821
92458
91259
56409
82017
87915
77960
73671
66442
82097
64944
70334
69385
77112
87934
72086
94315
79534
64029
64282
87446
81177
56767
66181
90412
72368
77241
77060
77816
76039
77891
78877
54172
78269
75791
89009
71254
81432
83789
103824
85826
70551
73394
74871
56462
71755
59855
74028
77502
67617
77280
57873
89092
87091
92994
84043
64111
64198
87059
78987
91204
69967
76195
88522
58074
68185
61756
78570
71600
78290
56151
70269
71870
76527
60961
67894
85922
77377
71998
85049
82452
65722
79812
65367
79548
71443
66914
64331
97362
67590
70933
78074
83772
60162
68373
88615
93670
74963
62502
74058
87956
68515
76328
60533
82996
70519
65363
74605
64497
64385
66746
61221
88828
93651
62674
68781
72739
71451
84856
57901
84788
96031
70737
59423
60805
89090
73036
74865
78920
85049
95235
74052
65034
77347
64203
65814
72939
65193
70818
103689
60731
87690
74838
68706
70644
64663
70174
80908
54392
60532
86948
67121
77192
70654
79085
56102
75780
63999
73409
107233
68572
56783
76779
53831
50247
56156
89513
87616
74707
57836
84050
92424
77365
64535
88302
78657
66120
87948
53646
58388
66893
65176
72241
82422
75350
73559
84898
56866
57901
62567
50179
71146
61800
63157
67245
48991
61902
64927
80909
63533
78901
64985
62435
83537
77888
76194
65063
74090
75155
71145
87540
81580
74129
54547
76919
88147
90917
83198
75494
53846
93156
86186
78421
58744
61900
76011
65547
79030
87784
80327
66140
57015
64789
85088
78329
95140
76819
77215
97769
70551
59794
78349
64611
67898
86488
67405
82790
73280
74710
68045
87136
69984
87137
93517
79585
87168
57077
64965
76661
82294
64241
73808
51756
52258
58564
65446
72498
48259
66832
88332
53238
93102
69562
82349
74022
86572
58378
77486
58838
96477
53322
73740
92012
56529
63875
74769
73013
62947
71299
87481
87131
67526
63290
83038
66269
80264
79935
94272
72323
96484
86258
60965
95874
80821
60056
64646
69252
82683
91079
67037
70513
66022
54629
65157
52948
74422
75367
60316
72797
72004
65987
60656
75967
71327
58556
78493
89224
61357
91029
89655
66384
70103
68189
87208
57297
62251
71464
68165
71244
60173
69266
85947
70777
70039
71760
63690
90798
87689
94827
64806
83682
61345
84269
71117
65680
89697
57301
72559
71977
72670
58475
70882
77480
77042
71327
75520
83643
59852
76884
52345
80898
83223
64304
56025
79213
62381
85756
83051
85704
86327
86634
94256
69573
59235
70563
97211
57445
91285
66467
60593
93129
81339
86594
84347
71979
53798
64390
97044
74112
58112
55565
76905
78245
83245
84741
65310
85481
80794
75221
93267
65042
87758
83357
79344
95079
67291
94179
103167
106467
56874
54536
67641
65314
86519
68085
64451
75974
85002
70955
61529
66644
68618
74761
76892
86863
91394
72827
70692
91044
92958
79544
89159
73856
59680
68280
57038
97841
46788
73763
70733
83266
71679
100147
86469
67483
60163
60214
91832
53380
86419
65432
62621
65639
60593
80334
69575
72197
78261
54688
72684
75104
57304
70754
70198
72816
80788
88373
69979
62637
109780
94084
77127
88270
72113
52552
66081
89469
60819
57135
57918
62981
70841
74747
57127
63365
83021
57953
96297
85894
65065
71819
66520
70116
76001
83422
90240
81905
85885
80117
78061
84802
70970
69128
64098
61203
52859
63325
80711
50465
69314
66900
84630
94145
60449
86084
62321
71918
62130
88547
78262
72605
82925
59274
76613
63537
101737
74551
72342
68721
76952
75450
87759
68973
73927
62075
98601
76307
88812
70343
80096
94162
100669
69476
67177
49432
60690
59848
98012
92262
68125
77491
93461
77765
90832
81810
68204
80880
61384
70851
59375
91131
57072
84663
52001
55960
97302
68548
59292
68303
72471
72847
75197
65433
76108
79866
88667
65257
82141
62406
77809
75722
99796
80525
68220
72165
95135
70005
66225
75967
86506
93054
58701
76669
70605
79212
68801
53075
74938
77028
82897
91376
70254
81894
73295
61274
88696
67895
91805
65177
93249
75684
75876
87775
82421
98215
75463
72348
64703
77802
86828
79124
68299
91556
75966
103811
78805
63117
87937
71386
78517
69567
66715
81165
72236
82244
59451
83536
101481
92995
71604
75459
60209
63456
63242
89764
82632
84283
61525
69930
57091
71823
61929
91563
43109
66037
74668
96426
62897
61183
87814
73714
83097
103520
80986
70762
76709
71289
50649
94533
71324
92317
73432
99553
78844
60379
56031
72577
96912
70326
97550
91032
62055
73746
91775
73950
87012
73893
103591
85379
87358
105559
73582
65285
53518
68641
61863
58007
89616
71730
61489
62297
80386
74495
78968
103706
82996
79509
66580
92551
57100
77176
80197
81599
82540
85071
87700
60961
91835
61220
67011
59507
97325
93339
68292
86725
91269
55452
62139
67688
72143
84370
57406
70063
68703
60423
105165
94160
79106
72210
75432
77086
55108
60750
84174
64561
75008
87742
94127
73378
101690
80233
74334
78515
72098
73977
93044
89873
93158
67392
89461
72930
76066
71060
70641
61787
102337
85666
81619
73287
74539
79018
68623
62330
73125
97063
74995
61264
82433
83651
64787
74326
76816
63851
77839
77291
63869
84491
69662
89323
80023
70702
73619
82748
66485
79763
65628
73691
53926
61506
75804
79458
63420
70655
62204
82400
73382
85932
91518
72897
68857
73185
95026
84830
75924
70220
79679
81839
94753
65805
68444
82246
89043
95501
73011
56375
81122
68050
78400
78073
85416
79319
62729
111082
87048
71491
62118
67637
74692
69469
101754
62515
78098
74797
76359
59918
56547
80307
72915
58012
68707
57722
68714
71978
50274
63550
62616
62956
80804
80564
56561
85886
63769
67012
77867
88987
78576
83099
66353
75410
95382
67605
85785
52051
61694
61227
83247
68847
54548
60818
88364
77367
75622
72441
77668
67519
73039
67203
82323
86493
89513
62759
74123
61444
86085
82918
73623
62701
48983
65936
72629
63701
86410
58567
88157
82672
62849
95617
65538
99531
91596
73371
63749
62895
81115
65028
67940
56535
86371
89199
72789
66777
86113
98508
83741
98230
54066
94803
56123
62465
72259
81789
73943
53206
75438
89096
94940
65801
67202
100064
88702
60551
79243
68886
90562
62460
97986
100491
94813
76328
73683
68728
83976
92791
69533
78674
77732
52104
74754
83529
65638
57611
55366
97151
64874
88776
62971
59399
89009
80534
68766
96651
76369
80380
91694
69882
74909
91635
62965
78860
54416
77073
72441
60894
61539
61348
72329
68937
81646
76123
111392
73458
69068
66449
96256
84209
77468
64685
57459
67707
74154
101174
76484
64079
92870
81988
76239
67260
78302
69095
95798
73449
69745
88352
73126
50863
91133
92365
60702
68102
54094
80959
85895
59998
64810
71373
97202
91238
78464
66520
95013
63300
63263
64424
67280
85725
62110
62558
71865
63847
74727
100208
72417
86284
96988
57376
96840
65303
62975
83834
58034
70195
64936
71000
71093
61470
69418
57202
64634
71025
76607
70990
57228
64143
74403
76622
80505
76942
84558
73226
67753
68196
74332
74125
81842
98588
61610
102501
83330
71078
70788
60408
72880
66388
91716
81122
77632
74058
48367
66378
82704
83620
74682
90079
72587
102256
72560
78975
84541
77542
68216
63853
71478
67666
88722
70445
73565
82052
81259
73260
77511
66809
68216
81728
93827
75052
63469
74320
71231
94406
97209
90927
66520
98168
57161
68311
76327
87618
59537
68324
58906
55918
87115
57693
57096
68367
96489
61246
91394
67431
61515
69762
63424
68250
63359
90000
76034
80451
79501
86817
70125
57121
66943
68026
68003
89900
79496
78489
61210
92488
65964
73713
85858
70854
88344
59413
75944
69481
73451
91132
82208
63163
80548
95473
77415
67357
99458
70155
60686
77428
58711
94086
82237
61768
91845
84367
91282
88823
79013
60625
66022
89886
83893
73097
91620
100357
71113
59922
64337
85810
65496
67098
70563
98758
66867
66267
61000
78487
80202
80016
70519
55467
74871
67938
74515
92390
92460
69154
74615
80370
60797
76520
66651
78142
66217
94154
73371
83201
88837
82951
70016
72370
85003
105977
74638
76126
54398
71161
79283
91722
109992
79871
77874
64810
87887
82049
83624
61192
76440
53466
89860
68599
67519
61675
64490
85751
98349
87101
105812
99976
56216
101760
83690
93582
77673
88760
77123
59272
73131
58662
115495
83187
97301
79373
55756
79566
61525
73693
46221
58069
98360
65037
82871
81824
58030
80974
72935
90618
75956
69010
68606
74166
87560
71172
86222
79326
94579
85519
68008
73383
58251
92393
66455
55765
61151
79729
74235
77248
85552
47518
69254
72868
69392
81613
73882
84452
61298
83075
99976
59996
82647
73886
70055
77972
64513
82549
57253
72748
90457
61531
97142
65952
88741
93807
97173
108710
70324
62597
89759
50407
60111
66479
56733
62470
79041
64016
66148
60443
82776
73958
78381
64422
71926
64514
65608
78404
82294
81027
83862
87559
80593
78912
56823
69548
59289
96913
79566
87559
77166
79796
74786
69341
70533
89274
62580
58453
83514
65422
87571
42403
81270
61464
73403
100911
63984
58474
78891
52384
71460
91226
81996
73778
98050
68501
81890
62531
74352
104833
102463
81885
71242
72879
51496
82034
58186
86432
71878
87689
87939
68376
59524
72372
96087
116137
85177
63930
64965
77670
69795
82597
78156
72801
64761
64803
91960
92327
61686
74966
98946
76725
100155
100705
82087
100258
75199
81634
56718
61383
98653
80566
71716
72891
82348
70109
81269
64419
88455
65224
79430
68162
76114
72234
101492
77559
65634
77045
62770
88198
65623
93201
103354
80175
73070
72557
86683
57035
65124
89415
65268
61487
84717
84125
90795
63716
62943
81222
89071
87739
67423
49436
89708
66488
69627
95114
57667
99793
83663
72879
98559
91999
70531
77773
53970
61312
71134
66072
78765
85483
99766
54358
78017
77385
73849
59839
62688
67208
67022
100766
90874
94873
67866
77711
67290
95447
88175
78835
89910
79971
67749
82722
61879
86497
62491
80979
69426
63699
77958
105325
68413
100023
79879
109308
69687
91322
82855
64372
70306
96867
76624
79627
77771
86257
80106
70106
100955
63007
64322
57083
90381
82062
68231
94460
101227
78613
99095
78169
86684
79245
59872
80870
91995
61046
59903
71482
75537
70993
80453
72839
62890
84351
75566
79996
92720
78245
71506
102282
101468
64322
84721
79398
95244
90048
108199
78727
69161
96400
108313
79376
86023
65093
79653
98032
64298
92293
85201
65154
59206
91356
70265
65157
78150
62880
77209
82840
71837
69522
93746
66879
68831
88567
57162
86713
67657
74795
75832
82248
59354
95298
66551
111615
69107
56698
77229
77144
68354
80534
65427
90957
70890
54788
63937
89117
78395
79815
79662
69139
89543
55897
81387
89392
92713
67344
72939
89366
85539
73155
80858
72107
83062
75060
67089
108152
74696
68341
93143
98384
99039
79041
74917
77506
56875
59016
67494
79157
61327
82911
86360
71095
64488
82917
101601
85794
56849
87378
88749
56716
93090
72463
64506
86694
53103
86169
74250
75343
87638
69970
92749
60290
69266
66749
104928
61807
74997
81086
95557
57804
76438
61330
74876
72293
66960
78354
60493
67916
64250
75592
70303
76138
63289
62091
69470
72967
83543
65605
80262
54444
91825
60201
72202
91177
100218
75760
110678
58970
53308
71143
61419
104747
58454
86795
60441
65046
82118
75037
68435
70481
74395
100446
102353
71824
63222
92630
90917
80509
85241
104476
63664
86548
77830
92225
94983
83868
92786
72795
69354
72618
68216
83926
73987
80161
69631
72172
66835
67319
71567
90514
69259
58293
75549
57766
81314
84639
82806
62433
65065
113563
83236
72733
62685
77536
89745
61584
86423
91034
62908
79085
64947
62581
102024
58292
53228
75033
68177
67197
61937
84220
66189
72387
84584
78051
80601
75459
106419
73793
82403
66554
75166
98763
89324
63818
86049
81382
90081
74947
56124
76880
103681
100791
95084
81872
69750
82805
83288
78200
92516
75767
57853
90303
86820
69980
101502
88811
76850
78312
74932
77355
81146
88305
69259
66409
103753
84575
73891
83625
91190
76604
63454
62074
79352
77359
83009
94134
86335
72644
101737
73963
91016
65481
72284
91673
105582
63141
87752
74042
74780
62952
63444
96190
68133
82038
90087
78768
70530
80725
82050
111201
82301
68624
115618
69159
67769
68207
82790
73371
75483
70710
69530
74777
86816
67878
76855
75229
78000
67151
75038
94890
65740
79245
79503
55581
58403
90357
56682
78745
68301
81566
78676
100463
79923
72836
76359
68179
108227
99388
74204
75780
88992
76049
94446
82284
83219
58474
75422
74386
74621
90359
88158
90467
79602
94245
87676
86931
84042
80577
80767
98732
71612
60192
57997
75291
95320
62103
71599
69652
64733
74659
71256
67413
84673
88512
97064
59861
62530
71074
75888
55952
87985
101783
90028
63985
89379
93250
74775
89784
80844
73869
69447
93318
70591
78640
79365
67818
77408
107826
81199
77961
78316
83713
72234
90940
76066
75852
71574
59714
72479
74251
85124
67645
78305
92250
62102
61924
86600
87071
67499
68361
86663
86409
79599
63990
77419
75522
104513
99557
87106
60667
66838
73288
81442
101733
67993
72981
95859
74339
71090
73921
56709
62715
76931
81727
81215
89062
81501
89261
81475
71617
83024
67912
79730
82917
84644
60650
67105
65094
78748
88637
88597
86809
79952
76855
82583
94379
85119
71998
104300
72929
98040
78367
68920
79613
86367
96179
96929
92772
62486
68258
70929
60518
62199
77555
74924
94834
85676
99825
98307
69965
93816
79750
75565
68268
74911
59328
74389
100599
73651
87438
89338
71737
82019
89083
88435
98528
65568
83479
83980
72736
87411
61265
110090
75654
69014
82056
66825
86357
65016
60342
80242
67297
80182
58924
94453
76964
85162
100987
99466
75100
63960
73384
85026
106089
66240
69578
77000
61586
83378
94877
104749
59415
76629
65105
58055
91452
71367
58653
92414
73580
69027
104197
51337
69814
88518
83194
81064
89104
56334
90558
61720
92732
68364
87770
72055
50654
75549
65625
47838
66913
100334
80205
88839
87188
105926
73801
78977
89136
84708
64700
67287
111228
97992
67683
70935
66549
68053
73870
76860
113437
66932
83589
71624
71663
90422
98494
80420
97809
84225
61674
80236
73681
62979
61781
103308
74125
70679
103007
89998
80779
87281
58741
87217
80887
75562
57393
80508
58432
84627
58874
90204
120566
69072
82793
101423
76383
75476
58940
76525
84806
82970
68093
96821
75108
66325
84840
83790
102060
91535
76910
85483
82935
80627
85410
88939
65466
56366
65469
67302
44620
81755
61363
88021
74613
78347
68217
70620
95198
98668
89527
90818
65658
89882
52164
70913
85183
85083
66837
75458
71770
100830
93276
85813
69300
60473
71267
94550
81198
77269
87839
78426
61874
61822
81985
60673
88473
64400
95473
84286
100854
69016
85193
72802
85851
88640
70597
88226
72367
68679
86586
81187
61391
70146
67818
75641
83686
84685
66373
80385
71212
88445
78616
97065
64152
71107
64717
75335
90664
92974
64834
108040
82424
73270
84386
98048
59112
98233
82207
95025
67644
66247
83479
62755
78449
65543
77201
67545
85026
60315
70058
89466
63162
67213
71878
48772
60007
98729
84306
60939
75762
98081
106189
81515
84043
71436
95085
84756
64224
69921
76396
96253
95587
87850
82444
48968
101786
60425
79390
90000
80758
90062
65528
65377
76785
58399
80897
88144
71161
77154
74375
73654
76937
58141
78133
98274
89556
81783
84158
92252
95610
93290
82205
85015
84115
53655
88699
93620
76102
80207
115646
86267
76108
76180
63260
70786
106326
57251
94404
68987
78169
70883
88750
50164
61840
69953
76221
95928
98780
87551
65579
63989
72881
73734
88775
60645
74607
93264
87519
63489
77875
60532
57762
85474
99179
80180
63581
76364
81519
58276
81723
71274
72484
95066
56124
85408
101222
65935
55712
65980
75704
66430
60365
76905
79208
78560
89965
82379
86201
91597
88619
70848
97525
71468
103732
90515
69829
73904
70715
73716
71839
66498
84775
82242
58532
57556
89037
71691
71122
67268
65674
99211
81730
88143
69361
73253
75646
61639
78906
69043
78525
82246
64569
95519
81263
90095
77358
74129
108240
82528
82519
86091
93736
81696
67565
75053
71758
103834
62815
58776
88913
75011
85455
96941
70334
80747
78850
83143
66633
55945
75595
76459
65810
69953
77110
99085
95363
74285
78656
88559
105049
94310
66113
93721
71302
72503
96982
73415
80871
86639
98530
62633
92113
81589
62277
85517
92081
95021
53331
54638
66572
66715
91591
65435
70185
82048
92306
82945
64152
65839
68263
71380
63622
50929
79116
70641
78943
88206
88381
73712
74498
90314
62393
97993
69561
78296
87903
80938
64141
76670
64259
95896
74163
81493
99493
83601
75278
71270
78532
95834
84765
92624
79133
100574
88243
64055
63375
90037
70231
94087
84268
61779
94619
95958
54509
99536
66495
96670
80982
97990
91917
83148
80169
83038
61354
68613
73229
67082
85396
70111
86962
84861
74016
97937
80773
57348
59029
91095
88072
79350
75203
92177
76221
69961
82416
76197
64761
64294
64418
77048
99018
74344
90210
98600
82871
79428
93135
66883
98441
88133
78497
69181
76781
70129
66736
92634
86959
91478
68585
89630
68331
104300
71388
94715
77908
88383
65391
115724
85598
92317
71964
81341
74506
57310
65967
61243
80423
86639
51075
76666
72453
87000
84481
100790
74689
76243
78723
83414
67801
73420
77542
59044
63520
90986
88285
62562
89117
100061
99656
94367
78041
52742
78635
92700
74270
56838
79252
80925
67040
87010
64764
91559
76305
69414
74681
64331
51994
59436
78899
72431
70102
82360
91871
78231
96871
81002
88607
71209
73985
89769
69581
66767
80838
86054
71054
67371
79450
66511
66891
91107
71641
82133
70179
66516
90782
76387
61945
66620
87664
79605
71880
98744
59563
89009
81253
80234
89607
88990
93941
61046
68099
74397
64972
79889
73838
94470
75402
98533
86145
93465
64153
65026
62148
89036
77587
99212
64301
62810
76269
75285
58915
90859
81280
84343
65129
79404
71263
79718
84165
100890
52065
85002
64948
87381
98438
90594
75504
83043
98558
94498
72648
70022
80636
96451
88206
68812
62170
79035
75869
77237
78992
84408
67504
91244
84104
86760
75632
80410
92329
63788
95451
87948
77198
86166
69522
93571
54208
73646
50297
72930
77966
80037
83617
72714
78464
53216
78271
74121
77996
98539
101970
89389
92206
71977
60160
55186
84230
70442
71758
67334
65113
75457
71561
83453
68631
80534
104283
73915
56178
57319
58983
91042
54492
80266
84076
88283
87958
88156
69647
72975
88027
86594
92701
63157
89573
78333
74274
67524
88821
75534
63450
68436
81810
96761
106534
71088
82968
66014
65241
84605
62522
78600
93822
80245
90572
71228
99366
72396
82073
80649
63274
70812
97395
64245
75422
70926
89519
63954
97463
84064
74762
76322
91891
62027
93493
105031
75662
62606
74136
107327
78721
82772
72702
79642
70962
81154
83508
65719
63482
82025
67663
67048
78835
96875
98460
71950
97914
88850
56984
71212
69310
82727
89073
83037
65714
86543
81019
83113
68814
98458
80496
68532
73825
79286
83627
70034
67540
87894
81033
103380
64862
88789
86116
86709
86401
73067
79723
92700
79774
102969
55066
85010
66410
78195
85859
81862
57450
61498
77168
69714
72517
75087
86847
66936
82089
68359
74770
81881
73389
82631
101434
72953
94201
71034
70130
70537
57384
86850
78445
60465
78186
80835
77731
67366
82061
101059
69194
90962
60750
96735
84722
75472
74332
107122
98229
89769
93839
71763
96616
67936
74687
73168
76268
72494
75975
76295
92214
103019
84320
72853
94454
62176
87701
95651
84660
72900
97716
68717
78948
64772
68323
77722
82946
86176
82012
78091
72695
96131
67923
83286
80903
66546
103773
75199
73009
71536
100201
95456
61202
82692
74217
95580
85570
65306
72371
71491
79176
97439
83101
68832
67410
93258
76865
75762
93580
64725
78090
91023
89652
96576
69629
81825
65664
63246
88411
71244
105685
85400
89305
73844
85002
97191
61803
78221
55739
58379
82288
72618
68271
73847
81575
106734
60863
91753
85977
69722
86463
101500
104931
89655
55732
76716
87021
94866
74655
87296
66403
90409
84219
83688
73850
81465
71602
82057
79669
83260
75296
96835
82095
71854
89473
73257
74713
59118
87499
71394
74707
71575
67951
88725
73207
57459
87937
94839
105907
72263
90996
70008
62068
59593
82527
92707
97423
77670
81046
94421
86847
91711
86136
78681
88059
71233
63568
88254
71556
105113
88579
71428
54384
96233
81756
72143
67668
63744
84276
80477
76222
56844
102452
61250
66814
71303
72001
63144
96837
62942
88037
97782
108749
60943
97646
80849
77707
79918
76491
73821
80324
99075
76305
66536
94339
77191
72097
77336
64090
74452
86371
84032
63050
94237
60237
84292
111432
60262
57213
60618
95389
77872
74634
75151
81530
90257
87031
87043
62257
95860
71128
88467
106615
73873
78944
77945
76006
104776
75097
93107
59270
96934
90299
71874
99672
69358
71563
106814
57930
73105
62106
103002
75297
85380
77192
88769
80680
75935
79258
88015
71167
70986
77107
78944
70626
77245
59606
76234
58828
93197
66813
80236
85556
68363
78104
101875
92300
67698
76536
97200
70505
88249
89460
69831
54634
88396
48744
62858
78538
94550
82026
76501
52334
70896
82287
60231
81073
75574
76877
73339
78753
91821
67473
82720
77173
71530
70008
53853
93406
95620
56932
72954
88756
75488
96011
80942
81343
58146
93314
59878
70678
71802
71715
81510
95544
69783
60224
78604
74644
93189
81904
80534
58022
57808
94264
76024
71121
59459
75747
63845
99159
97004
70118
63530
92188
69516
83847
86362
77826
60918
61678
67561
93949
100077
58497
94216
73843
93671
80685
91067
98849
69134
79281
79808
76625
105912
89747
88881
65686
78186
79240
79160
59187
56190
71100
56516
83788
67244
76472
82643
84658
81746
88988
81326
73982
63622
68528
78401
52774
101214
89700
77021
58908
75356
73773
91022
90811
102553
90179
87881
95737
71400
59768
94098
87092
74019
71341
83835
93961
59872
97949
89567
89619
96627
70948
70551
94958
82587
89998
91714
94222
77286
52744
94618
75946
76986
76931
95965
87478
96221
61819
66925
74837
71022
53864
81191
63922
79092
98748
75243
76449
79277
75772
62396
65548
85372
78813
90466
63207
80877
107860
76158
91516
69647
92523
71979
70298
89745
97658
68623
75162
65750
79000
77172
86592
87484
81413
66707
96447
80863
78785
63972
75540
109976
61447
77872
105690
71740
80907
67773
69564
100374
60909
66667
83277
83687
74878
71404
80370
63483
63346
71657
79812
80638
82865
63009
92199
73981
71270
83420
107842
81459
88463
63415
64233
88259
65939
56722
99889
68331
53232
68436
83569
72224
89941
74870
78607
76183
95131
80617
71549
92880
65328
91001
90646
73450
74346
85576
80954
93830
90584
84739
66544
107974
83081
79137
81741
74620
59346
66131
64805
96552
67026
83415
79872
94260
62497
59442
87143
71890
83865
81329
84574
71084
67682
93697
54671
87520
76271
81726
73021
84944
92304
80867
73242
60915
83188
65906
60848
69848
62952
79085
68830
54686
72709
65984
78518
81241
72124
84730
108785
57087
81783
64617
81524
83830
97406
78183
101997
99971
71968
79626
67375
72078
80315
65106
79617
92189
63871
59278
100118
64297
58559
68886
108001
75390
67283
82128
79161
86635
92313
97849
73016
87473
71883
77882
89475
87421
79971
95163
74586
94223
86283
78571
93179
92400
57106
87565
49492
96635
68229
83876
106062
83124
86049
87237
87696
79391
66591
65855
95673
56897
65195
77816
69950
93543
66460
95237
95999
84073
